  main.c
D:\VisualStudio\Codigo C\Gestao Para Hortifruti Vs0.03\Gestao Para Hortifruti Vs0.03\Estrutura.h(148,3): warning C4098: 'Ler_Int': função 'void' retornando um valor
  (compilando o arquivo fonte 'main.c')
  
D:\VisualStudio\Codigo C\Gestao Para Hortifruti Vs0.03\Gestao Para Hortifruti Vs0.03\Estrutura.h(164,3): warning C4098: 'Ler_Float': função 'void' retornando um valor
  (compilando o arquivo fonte 'main.c')
  
D:\VisualStudio\Codigo C\Gestao Para Hortifruti Vs0.03\Gestao Para Hortifruti Vs0.03\Estrutura.h(197,4): warning C4098: 'Ler_Unidade_Medida': função 'void' retornando um valor
  (compilando o arquivo fonte 'main.c')
  
D:\VisualStudio\Codigo C\Gestao Para Hortifruti Vs0.03\Gestao Para Hortifruti Vs0.03\Estrutura.h(254,12): warning C4013: 'getch' indefinido; assumindo extern retornando int
  (compilando o arquivo fonte 'main.c')
  
D:\VisualStudio\Codigo C\Gestao Para Hortifruti Vs0.03\Gestao Para Hortifruti Vs0.03\Estrutura.h(366,6): warning C4098: 'EntradaMercadoria': função 'void' retornando um valor
  (compilando o arquivo fonte 'main.c')
  
D:\VisualStudio\Codigo C\Gestao Para Hortifruti Vs0.03\Gestao Para Hortifruti Vs0.03\Estrutura.h(409,3): warning C4098: 'CadastroProduto': função 'void' retornando um valor
  (compilando o arquivo fonte 'main.c')
  
D:\VisualStudio\Codigo C\Gestao Para Hortifruti Vs0.03\Gestao Para Hortifruti Vs0.03\Estrutura.h(432,3): warning C4098: 'CadastroProduto': função 'void' retornando um valor
  (compilando o arquivo fonte 'main.c')
  
D:\VisualStudio\Codigo C\Gestao Para Hortifruti Vs0.03\Gestao Para Hortifruti Vs0.03\Estrutura.h(448,21): warning C4047: 'função': 'char *' difere em níveis de indireção de 'char (*)[4]'
  (compilando o arquivo fonte 'main.c')
  
D:\VisualStudio\Codigo C\Gestao Para Hortifruti Vs0.03\Gestao Para Hortifruti Vs0.03\Estrutura.h(448,21): warning C4024: 'Ler_Unidade_Medida': tipos diferentes para parâmetro formal e real 1
  (compilando o arquivo fonte 'main.c')
  
D:\VisualStudio\Codigo C\Gestao Para Hortifruti Vs0.03\Gestao Para Hortifruti Vs0.03\Estrutura.h(463,2): warning C4098: 'CadastroProduto': função 'void' retornando um valor
  (compilando o arquivo fonte 'main.c')
  
D:\VisualStudio\Codigo C\Gestao Para Hortifruti Vs0.03\Gestao Para Hortifruti Vs0.03\Estrutura.h(529,2): warning C4098: 'EditeProduto': função 'void' retornando um valor
  (compilando o arquivo fonte 'main.c')
  
D:\VisualStudio\Codigo C\Gestao Para Hortifruti Vs0.03\Gestao Para Hortifruti Vs0.03\Estrutura.h(486,6): warning C4047: 'inicializando': 'int' difere em níveis de indireção de 'void *'
  (compilando o arquivo fonte 'main.c')
  
D:\VisualStudio\Codigo C\Gestao Para Hortifruti Vs0.03\Gestao Para Hortifruti Vs0.03\Estrutura.h(565,4): warning C4098: 'ExcluirProduto': função 'void' retornando um valor
  (compilando o arquivo fonte 'main.c')
  
D:\VisualStudio\Codigo C\Gestao Para Hortifruti Vs0.03\Gestao Para Hortifruti Vs0.03\Estrutura.h(581,3): warning C4098: 'ExcluirProduto': função 'void' retornando um valor
  (compilando o arquivo fonte 'main.c')
  
D:\VisualStudio\Codigo C\Gestao Para Hortifruti Vs0.03\Gestao Para Hortifruti Vs0.03\Estrutura.h(552,6): warning C4047: 'inicializando': 'int' difere em níveis de indireção de 'void *'
  (compilando o arquivo fonte 'main.c')
  
D:\VisualStudio\Codigo C\Gestao Para Hortifruti Vs0.03\Gestao Para Hortifruti Vs0.03\Estrutura.h(634,3): warning C4098: 'BuscarProduto': função 'void' retornando um valor
  (compilando o arquivo fonte 'main.c')
  
D:\VisualStudio\Codigo C\Gestao Para Hortifruti Vs0.03\Gestao Para Hortifruti Vs0.03\Estrutura.h(69,1): warning C4716: 'Console': deve retornar um valor
  Gestao Para Hortifruti Vs0.03.vcxproj -> D:\VisualStudio\Codigo C\Gestao Para Hortifruti Vs0.03\x64\Debug\Gestao Para Hortifruti Vs0.03.exe
